FC	ucf101	1	RGB + FLOW	None	0.9011366886277064
FC	hmdb51	1	RGB + FLOW	None	0.6267973923527337
FC	ucf101	1	RGB + AVR	None	0.8720592259390153
FC	hmdb51	1	RGB + AVR	None	0.5888889050951192
FC	ucf101	1	RGB + LVR0	None	0.8424530975357931
FC	hmdb51	1	RGB + LVR0	None	0.571895442040138
FC	ucf101	1	RGB + LVR1	None	0.8321438119249498
FC	hmdb51	1	RGB + LVR1	None	0.5653594945770464
FC	ucf101	1	RGB + LVR2	None	0.8128469474322576
FC	hmdb51	1	RGB + LVR2	None	0.5483660195543876
FC	ucf101	1	FLOW + AVR	None	0.8250066007270783
FC	hmdb51	1	FLOW + AVR	None	0.5803921650905235
FC	ucf101	1	FLOW + LVR0	None	0.8556701012777016
FC	hmdb51	1	FLOW + LVR0	None	0.6294117694430881
FC	ucf101	1	FLOW + LVR1	None	0.88051811423971
FC	hmdb51	1	FLOW + LVR1	None	0.6137254926893446
FC	ucf101	1	FLOW + LVR2	None	0.8791964126534478
FC	hmdb51	1	FLOW + LVR2	None	0.6124183021495545
FC	ucf101	1	AVR + LVR0	None	0.7615648934275834
FC	hmdb51	1	AVR + LVR0	None	0.5385621144413169
FC	ucf101	1	AVR + LVR1	None	0.7943431297421235
FC	hmdb51	1	AVR + LVR1	None	0.575817017898061
FC	ucf101	1	AVR + LVR2	None	0.8043880706069143
FC	hmdb51	1	AVR + LVR2	None	0.5522875949136572
FC	ucf101	1	LVR0 + LVR1	None	0.776103638324541
FC	hmdb51	1	LVR0 + LVR1	None	0.539215678296058
FC	ucf101	1	LVR0 + LVR2	None	0.7938144440818583
FC	hmdb51	1	LVR0 + LVR2	None	0.5352941238802242
FC	ucf101	1	LVR1 + LVR2	None	0.8215701780185605
FC	hmdb51	1	LVR1 + LVR2	None	0.5535947724884632
FC	ucf101	1	RGB + FLOW + AVR	None	0.8762886715111768
FC	hmdb51	1	RGB + FLOW + AVR	None	0.6509804126016455
FC	ucf101	1	RGB + FLOW + LVR0	None	0.891620447197636
FC	hmdb51	1	RGB + FLOW + LVR0	None	0.6738562338336621
FC	ucf101	1	RGB + FLOW + LVR1	None	0.9003436380538113
FC	hmdb51	1	RGB + FLOW + LVR1	None	0.6588235259211921
FC	ucf101	1	RGB + FLOW + LVR2	None	0.895056851815837
FC	hmdb51	1	RGB + FLOW + LVR2	None	0.6470588245267183
FC	ucf101	1	RGB + AVR + LVR0	None	0.8887126698747312
FC	hmdb51	1	RGB + AVR + LVR0	None	0.6581699366351359
FC	ucf101	1	RGB + AVR + LVR1	None	0.8781390435110158
FC	hmdb51	1	RGB + AVR + LVR1	None	0.6385621109507442
FC	ucf101	1	RGB + AVR + LVR2	None	0.8815754502064773
FC	hmdb51	1	RGB + AVR + LVR2	None	0.6202614404017629
FC	ucf101	1	RGB + LVR0 + LVR1	None	0.8813111412578748
FC	hmdb51	1	RGB + LVR0 + LVR1	None	0.6013072030061211
FC	ucf101	1	RGB + LVR0 + LVR2	None	0.875759985790409
FC	hmdb51	1	RGB + LVR0 + LVR2	None	0.5941176493027631
FC	ucf101	1	RGB + LVR1 + LVR2	None	0.8596352264259091
FC	hmdb51	1	RGB + LVR1 + LVR2	None	0.6039215716193704
FC	ucf101	1	FLOW + AVR + LVR0	None	0.8329368267013949
FC	hmdb51	1	FLOW + AVR + LVR0	None	0.6555555600434347
FC	ucf101	1	FLOW + AVR + LVR1	None	0.8757600004925729
FC	hmdb51	1	FLOW + AVR + LVR1	None	0.6647059047923369
FC	ucf101	1	FLOW + AVR + LVR2	None	0.8747026198747894
FC	hmdb51	1	FLOW + AVR + LVR2	None	0.6241830242381377
FC	ucf101	1	FLOW + LVR0 + LVR1	None	0.8939994919101555
FC	hmdb51	1	FLOW + LVR0 + LVR1	None	0.6352941440756804
FC	ucf101	1	FLOW + LVR0 + LVR2	None	0.8670367716003465
FC	hmdb51	1	FLOW + LVR0 + LVR2	None	0.6379084962333729
FC	ucf101	1	FLOW + LVR1 + LVR2	None	0.8598995573975061
FC	hmdb51	1	FLOW + LVR1 + LVR2	None	0.6470588330038233
FC	ucf101	1	AVR + LVR0 + LVR1	None	0.8559344491900636
FC	hmdb51	1	AVR + LVR0 + LVR1	None	0.6196078516143599
FC	ucf101	1	AVR + LVR0 + LVR2	None	0.8683584679430387
FC	hmdb51	1	AVR + LVR0 + LVR2	None	0.6339869248633291
FC	ucf101	1	AVR + LVR1 + LVR2	None	0.8606925847988548
FC	hmdb51	1	AVR + LVR1 + LVR2	None	0.6228758254705691
FC	ucf101	1	LVR0 + LVR1 + LVR2	None	0.8517050237854795
FC	hmdb51	1	LVR0 + LVR1 + LVR2	None	0.578431394489762
FC	ucf101	1	RGB + FLOW + AVR + LVR0	None	0.9056304495415926
FC	hmdb51	1	RGB + FLOW + AVR + LVR0	None	0.6986928343928718
FC	ucf101	1	RGB + FLOW + AVR + LVR1	None	0.9066878257830119
FC	hmdb51	1	RGB + FLOW + AVR + LVR1	None	0.6941176704955256
FC	ucf101	1	RGB + FLOW + AVR + LVR2	None	0.9140893534721599
FC	hmdb51	1	RGB + FLOW + AVR + LVR2	None	0.6777778141794641
FC	ucf101	1	RGB + FLOW + LVR0 + LVR1	None	0.8842188780842841
FC	hmdb51	1	RGB + FLOW + LVR0 + LVR1	None	0.6712418325586256
FC	ucf101	1	RGB + FLOW + LVR0 + LVR2	None	0.8924134308756768
FC	hmdb51	1	RGB + FLOW + LVR0 + LVR2	None	0.6699346549838197
FC	ucf101	1	RGB + FLOW + LVR1 + LVR2	None	0.9143536940636914
FC	hmdb51	1	RGB + FLOW + LVR1 + LVR2	None	0.6450980666416143
FC	ucf101	1	RGB + AVR + LVR0 + LVR1	None	0.8860692566990883
FC	hmdb51	1	RGB + AVR + LVR0 + LVR1	None	0.6751634156470204
FC	ucf101	1	RGB + AVR + LVR0 + LVR2	None	0.8858049278047518
FC	hmdb51	1	RGB + AVR + LVR0 + LVR2	None	0.6633986987942965
FC	ucf101	1	RGB + AVR + LVR1 + LVR2	None	0.9146180625268149
FC	hmdb51	1	RGB + AVR + LVR1 + LVR2	None	0.6522875821979998
FC	ucf101	1	RGB + LVR0 + LVR1 + LVR2	None	0.8749669819447908
FC	hmdb51	1	RGB + LVR0 + LVR1 + LVR2	None	0.6124183026482077
FC	ucf101	1	FLOW + AVR + LVR0 + LVR1	None	0.8776103536962298
FC	hmdb51	1	FLOW + AVR + LVR0 + LVR1	None	0.6875816803975822
FC	ucf101	1	FLOW + AVR + LVR0 + LVR2	None	0.9040444158341814
FC	hmdb51	1	FLOW + AVR + LVR0 + LVR2	None	0.667320285871917
FC	ucf101	1	FLOW + AVR + LVR1 + LVR2	None	0.9159397424732666
FC	hmdb51	1	FLOW + AVR + LVR1 + LVR2	None	0.6843137195063572
FC	ucf101	1	FLOW + LVR0 + LVR1 + LVR2	None	0.8945281553860854
FC	hmdb51	1	FLOW + LVR0 + LVR1 + LVR2	None	0.6431372793359693
FC	ucf101	1	AVR + LVR0 + LVR1 + LVR2	None	0.8466825263285302
FC	hmdb51	1	AVR + LVR0 + LVR1 + LVR2	None	0.6549019637762332
FC	ucf101	1	RGB + FLOW + AVR + LVR0 + LVR1	None	0.9156753847191267
FC	hmdb51	1	RGB + FLOW + AVR + LVR0 + LVR1	None	0.7156862720165377
FC	ucf101	1	RGB + FLOW + AVR + LVR0 + LVR2	None	0.9143536899091704
FC	hmdb51	1	RGB + FLOW + AVR + LVR0 + LVR2	None	0.7124183196024179
FC	ucf101	1	RGB + FLOW + AVR + LVR1 + LVR2	None	0.9154110569743419
FC	hmdb51	1	RGB + FLOW + AVR + LVR1 + LVR2	None	0.6869281170414944
FC	ucf101	1	RGB + FLOW + LVR0 + LVR1 + LVR2	None	0.9048374209906921
FC	hmdb51	1	RGB + FLOW + LVR0 + LVR1 + LVR2	None	0.6718954512652229
FC	ucf101	1	RGB + AVR + LVR0 + LVR1 + LVR2	None	0.8932064584988688
FC	hmdb51	1	RGB + AVR + LVR0 + LVR1 + LVR2	None	0.6725490355647468
FC	ucf101	1	FLOW + AVR + LVR0 + LVR1 + LVR2	None	0.9037800537641799
FC	hmdb51	1	FLOW + AVR + LVR0 + LVR1 + LVR2	None	0.7006535847981771
FC	ucf101	1	RGB + FLOW + AVR + LVR0 + LVR1 + LVR2	None	0.9162040662853737
FC	hmdb51	1	RGB + FLOW + AVR + LVR0 + LVR1 + LVR2	None	0.7058823679007736
